app/build/outputs/mapping/release/seeds.txt
com.mollestudio.android.catanai.MainActivity
com.mollestudio.android.catanai.DataBinderMapperImpl
com.mollestudio.android.catanai.databinding.ActivityMainBinding: android.widget.ImageView tile2
com.mollestudio.android.catanai.databinding.ActivityMainBinding: android.widget.ImageView settlementD4
com.mollestudio.android.catanai.MainActivity: android.widget.ImageView street13
com.mollestudio.android.catanai.databinding.ActivityMainBinding: android.widget.ImageView street162
com.mollestudio.android.catanai.MainActivity$CheckIfAlreadyOnBoard: java.util.List boardList
com.mollestudio.android.catanai.MainActivity: android.widget.ImageView settlement_i2
com.mollestudio.android.catanai.MainActivity: android.widget.ImageView seaTile11
com.mollestudio.android.catanai.MainActivity: android.widget.EditText tile4NumberInput
com.mollestudio.android.catanai.MainActivity: android.widget.ImageView settlement_i3
com.mollestudio.android.catanai.databinding.ActivityMainBinding: android.widget.ImageView seaTile18
com.mollestudio.android.catanai.MainActivity: android.widget.ImageView street7_2
com.mollestudio.android.catanai.MainActivity: android.view.View$OnDragListener tile6DragListener
com.mollestudio.android.catanai.MainActivity: android.widget.ImageView portTile3
com.mollestudio.android.catanai.databinding.ActivityMainBinding: android.widget.ImageView portTile8
com.mollestudio.android.catanai.databinding.ActivityMainBinding: android.widget.ImageView seaTile4
com.mollestudio.android.catanai.MainActivity: android.widget.ImageView settlement_b2
com.mollestudio.android.catanai.MainActivity: java.lang.String number7
com.mollestudio.android.catanai.databinding.ActivityMainBinding: android.widget.ImageView seaTile7
com.mollestudio.android.catanai.MainActivity: android.widget.ImageView street15
com.mollestudio.android.catanai.MainActivity: android.widget.ImageView settlement_k3
com.mollestudio.android.catanai.databinding.ActivityMainBinding: android.widget.ImageView settlementF4
com.mollestudio.android.catanai.MainActivity: java.util.List settlementList
com.mollestudio.android.catanai.MainActivity: android.view.View$OnClickListener settlementi2ClickListener
com.mollestudio.android.catanai.MainActivity: android.widget.EditText tile6NumberInput
com.mollestudio.android.catanai.databinding.ActivityMainBinding: android.widget.ImageView portTile20
com.mollestudio.android.catanai.MainActivity: android.widget.ImageView portTile16
com.mollestudio.android.catanai.MainActivity: android.widget.ImageView street12
com.mollestudio.android.catanai.MainActivity: java.lang.String number5
com.mollestudio.android.catanai.MainActivity: kotlin.properties.ReadWriteProperty blueSettlements$delegate
com.mollestudio.android.catanai.databinding.ActivityMainBinding: android.widget.ImageView street53
com.mollestudio.android.catanai.MainActivity: android.view.View$OnClickListener settlementf2ClickListener
com.mollestudio.android.catanai.databinding.ActivityMainBinding: android.widget.ImageView street92
com.mollestudio.android.catanai.databinding.ActivityMainBinding: android.widget.EditText tile1NumberInput
com.mollestudio.android.catanai.MainActivity: android.widget.ImageView settlement_h5
com.mollestudio.android.catanai.MainActivity: android.view.View$OnClickListener seaTile1ClickListener
com.mollestudio.android.catanai.databinding.ActivityMainBinding: android.widget.ImageView portTile24
com.mollestudio.android.catanai.MainActivity: android.view.View$OnClickListener settlementg3ClickListener
com.mollestudio.android.catanai.MainActivity: android.view.View$OnClickListener settlementj1ClickListener
com.mollestudio.android.catanai.MainActivity: android.view.View$OnDragListener tile1DragListener
com.mollestudio.android.catanai.MainActivity: android.widget.ImageView tile13
com.mollestudio.android.catanai.databinding.ActivityMainBinding: android.widget.ImageView tile9
com.mollestudio.android.catanai.MainActivity: android.widget.ImageView tile12
...
androidx.constraintlayout.solver.widgets.analyzer.Grouping: boolean simpleSolvingPass(androidx.constraintlayout.solver.widgets.ConstraintWidgetContainer,androidx.constraintlayout.solver.widgets.analyzer.BasicMeasure$Measurer)
androidx.core.view.WindowInsetsCompat$Impl28: WindowInsetsCompat$Impl28(androidx.core.view.WindowInsetsCompat,android.view.WindowInsets)
androidx.constraintlayout.solver.widgets.ConstraintWidgetContainer: void addVerticalChain(androidx.constraintlayout.solver.widgets.ConstraintWidget)
androidx.fragment.app.Fragment: void onStop()
androidx.appcompat.widget.AppCompatSpinner$SavedState$1: java.lang.Object[] newArray(int)
androidx.appcompat.widget.ResourcesWrapper: void parseBundleExtra(java.lang.String,android.util.AttributeSet,android.os.Bundle)
androidx.appcompat.view.menu.MenuItemImpl: java.lang.CharSequence getTitleForItemView(androidx.appcompat.view.menu.MenuView$ItemView)
androidx.appcompat.graphics.drawable.DrawableContainer: void applyTheme(android.content.res.Resources$Theme)
androidx.appcompat.widget.ActionMenuView: boolean showOverflowMenu()
androidx.arch.core.executor.ArchTaskExecutor: ArchTaskExecutor()
androidx.appcompat.view.menu.SubMenuBuilder: android.view.SubMenu setHeaderView(android.view.View)
androidx.activity.OnBackPressedDispatcher: OnBackPressedDispatcher(java.lang.Runnable)
androidx.collection.ArraySet: java.lang.Object[] toArray(java.lang.Object[])
androidx.fragment.app.FragmentManagerImpl$3: void onAnimationEnd(android.view.animation.Animation)
androidx.fragment.app.FragmentTransition: androidx.fragment.app.FragmentTransitionImpl chooseImpl(androidx.fragment.app.Fragment,androidx.fragment.app.Fragment)
androidx.appcompat.graphics.drawable.DrawableContainer$DrawableContainerState: DrawableContainer$DrawableContainerState(androidx.appcompat.graphics.drawable.DrawableContainer$DrawableContainerState,androidx.appcompat.graphics.drawable.DrawableContainer,android.content.res.Resources)
androidx.vectordrawable.graphics.drawable.VectorDrawableCompat$VectorDrawableCompatState: boolean isStateful()
androidx.fragment.app.Fragment: void onSaveInstanceState(android.os.Bundle)
androidx.appcompat.widget.Toolbar: void setMenu(androidx.appcompat.view.menu.MenuBuilder,androidx.appcompat.widget.ActionMenuPresenter)
androidx.vectordrawable.graphics.drawable.VectorDrawableCompat$VPathRenderer: boolean onStateChanged(int[])
androidx.appcompat.widget.AppCompatSpinner$SavedState: void writeToParcel(android.os.Parcel,int)
androidx.fragment.app.FragmentHostCallback: FragmentHostCallback(androidx.fragment.app.FragmentActivity)
androidx.fragment.app.Fragment: java.lang.Object getEnterTransition()
androidx.fragment.app.FragmentManagerImpl: void dispatchOnFragmentStarted(androidx.fragment.app.Fragment,boolean)
androidx.fragment.app.FragmentState: FragmentState(android.os.Parcel)
androidx.appcompat.view.menu.ActionMenuItemView: void setItemInvoker(androidx.appcompat.view.menu.MenuBuilder$ItemInvoker)
androidx.appcompat.app.AlertDialog: boolean onKeyUp(int,android.view.KeyEvent)
androidx.appcompat.view.menu.MenuBuilder: boolean performItemAction(android.view.MenuItem,androidx.appcompat.view.menu.MenuPresenter,int)
androidx.core.app.ActivityRecreator$LifecycleCheckCallbacks: void onActivityStopped(android.app.Activity)
androidx.fragment.app.Fragment$1: Fragment$1(androidx.fragment.app.Fragment)
androidx.appcompat.widget.AppCompatTextViewAutoSizeHelper: void setRawTextSize(float)
androidx.appcompat.widget.Toolbar$ExpandedActionViewMenuPresenter: boolean onSubMenuSelected(androidx.appcompat.view.menu.SubMenuBuilder)
android.support.v4.graphics.drawable.IconCompatParcelizer: IconCompatParcelizer()
androidx.core.view.NestedScrollingChildHelper: boolean dispatchNestedScroll(int,int,int,int,int[])
androidx.constraintlayout.widget.ConstraintLayout: void requestLayout()
androidx.constraintlayout.solver.widgets.ConstraintWidgetContainer: void invalidateGraph()