app/build/outputs/mapping/release/mapping.txt
# compiler: R8
# compiler_version: 2.2.71
# min_api: 19
# pg_map_id: 91fa466
# common_typos_disable
com.mollestudio.android.catanai.-$$Lambda$MainActivity$0UpcjmOtNpdYR6g5in0sASodbQo -> com.mollestudio.android.catanai.a:
# {"id":"sourceFile","fileName":"lambda"}
    com.mollestudio.android.catanai.MainActivity f$0 -> a
com.mollestudio.android.catanai.-$$Lambda$MainActivity$0_ArTVG6zP6MMjCvFponkQFL6sU -> com.mollestudio.android.catanai.b:
# {"id":"sourceFile","fileName":"lambda"}
    com.mollestudio.android.catanai.MainActivity f$0 -> b
com.mollestudio.android.catanai.-$$Lambda$MainActivity$1Irk58gxVFQed49gTf5py2w7X-Q -> com.mollestudio.android.catanai.c:
# {"id":"sourceFile","fileName":"lambda"}
    com.mollestudio.android.catanai.MainActivity f$0 -> b
com.mollestudio.android.catanai.-$$Lambda$MainActivity$1byUFUknTWnjdNnJbCMZ1rk6iNo -> com.mollestudio.android.catanai.d:
# {"id":"sourceFile","fileName":"lambda"}
    com.mollestudio.android.catanai.MainActivity f$0 -> a
com.mollestudio.android.catanai.-$$Lambda$MainActivity$22eddvD4V3PwbAC9f9urBmh7bM0 -> com.mollestudio.android.catanai.e:
# {"id":"sourceFile","fileName":"lambda"}
    android.animation.ObjectAnimator f$5 -> g
    android.animation.ObjectAnimator f$4 -> f
    android.widget.ImageView f$2 -> d
    com.mollestudio.android.catanai.MainActivity f$6 -> h
    android.widget.ImageView f$3 -> e
    android.widget.ImageView f$0 -> b
    android.widget.ImageView f$1 -> c
com.mollestudio.android.catanai.-$$Lambda$MainActivity$2Sp7SXJ8xERfKuKtI-_F8HaJJGE -> com.mollestudio.android.catanai.f:
# {"id":"sourceFile","fileName":"lambda"}
    com.mollestudio.android.catanai.MainActivity f$0 -> b
com.mollestudio.android.catanai.-$$Lambda$MainActivity$2ZoJgThbpGBbBLNu-IAD8FoKBCE -> com.mollestudio.android.catanai.g:
# {"id":"sourceFile","fileName":"lambda"}
    com.mollestudio.android.catanai.MainActivity f$0 -> b
com.mollestudio.android.catanai.-$$Lambda$MainActivity$3VfVWsKrC5-iL4G2lj4_kUtufNA -> com.mollestudio.android.catanai.h:
# {"id":"sourceFile","fileName":"lambda"}
    android.animation.ObjectAnimator f$5 -> g
    android.animation.ObjectAnimator f$4 -> f
    android.widget.ImageView f$2 -> d
    com.mollestudio.android.catanai.MainActivity f$6 -> h
    android.widget.ImageView f$3 -> e
    android.widget.ImageView f$0 -> b
    android.widget.ImageView f$1 -> c
com.mollestudio.android.catanai.-$$Lambda$MainActivity$5J2tPIGjQktb8Xpt2bePeBaL5dM -> com.mollestudio.android.catanai.i:
# {"id":"sourceFile","fileName":"lambda"}
    android.animation.ObjectAnimator f$5 -> g
    android.animation.ObjectAnimator f$4 -> f
    android.widget.ImageView f$2 -> d
    com.mollestudio.android.catanai.MainActivity f$6 -> h
    android.widget.ImageView f$3 -> e
    android.widget.ImageView f$0 -> b
    android.widget.ImageView f$1 -> c
com.mollestudio.android.catanai.-$$Lambda$MainActivity$5p1Yk3Af2pJaayD-6uhlG2ZedJg -> com.mollestudio.android.catanai.j:
# {"id":"sourceFile","fileName":"lambda"}
    com.mollestudio.android.catanai.MainActivity f$0 -> b
com.mollestudio.android.catanai.-$$Lambda$MainActivity$6NvPZjwvPSLkJfyp7IN37x-rY00 -> com.mollestudio.android.catanai.k:
# {"id":"sourceFile","fileName":"lambda"}
    com.mollestudio.android.catanai.MainActivity f$0 -> b
com.mollestudio.android.catanai.-$$Lambda$MainActivity$6O8JdKzgGssM4plCjYKnca0oj_w -> com.mollestudio.android.catanai.l:
# {"id":"sourceFile","fileName":"lambda"}
    com.mollestudio.android.catanai.MainActivity f$0 -> b
com.mollestudio.android.catanai.-$$Lambda$MainActivity$6Pi4-CbTEU0IG87li0Rh6hGkG4o -> com.mollestudio.android.catanai.m:
# {"id":"sourceFile","fileName":"lambda"}
    com.mollestudio.android.catanai.MainActivity f$0 -> b
com.mollestudio.android.catanai.-$$Lambda$MainActivity$6Vifdr3MD8F2yzCxTRT2QZX9uD0 -> com.mollestudio.android.catanai.n:
# {"id":"sourceFile","fileName":"lambda"}
    com.mollestudio.android.catanai.MainActivity f$0 -> b
...
androidx.appcompat.view.menu.ListMenuItemView -> androidx.appcompat.view.menu.ListMenuItemView:
    boolean mPreserveIconSpacing -> n
    int mTextAppearance -> l
    boolean mHasListDivider -> p
    android.widget.LinearLayout mContent -> j
    androidx.appcompat.view.menu.MenuItemImpl mItemData -> b
    boolean mForceShowIcon -> r
    android.widget.ImageView mIconView -> c
    android.widget.ImageView mSubMenuArrowView -> h
    android.widget.ImageView mGroupDivider -> i
    android.widget.CheckBox mCheckBox -> f
    android.widget.RadioButton mRadioButton -> d
    android.content.Context mTextAppearanceContext -> m
    android.widget.TextView mTitleView -> e
    android.view.LayoutInflater mInflater -> q
    android.widget.TextView mShortcutView -> g
    android.graphics.drawable.Drawable mBackground -> k
    android.graphics.drawable.Drawable mSubMenuArrow -> o
    void addContentView(android.view.View) -> a
    void addContentView(android.view.View,int) -> b
    boolean prefersCondensedTitle() -> c
    void initialize(androidx.appcompat.view.menu.MenuItemImpl,int) -> d
    void insertCheckBox() -> e
    void insertIconView() -> f
    void insertRadioButton() -> g
    void setShortcut(boolean,char) -> h
androidx.appcompat.view.menu.ListMenuPresenter -> androidx.appcompat.view.menu.e:
    androidx.appcompat.view.menu.ListMenuPresenter$MenuAdapter mAdapter -> j
    android.content.Context mContext -> b
    androidx.appcompat.view.menu.MenuBuilder mMenu -> d
    android.view.LayoutInflater mInflater -> c
    int mItemLayoutRes -> h
    int mItemIndexOffset -> f
    int mThemeRes -> g
    androidx.appcompat.view.menu.MenuPresenter$Callback mCallback -> i
    androidx.appcompat.view.menu.ExpandedMenuView mMenuView -> e
    android.widget.ListAdapter getAdapter() -> a
    void onCloseMenu(androidx.appcompat.view.menu.MenuBuilder,boolean) -> b
    boolean expandItemActionView(androidx.appcompat.view.menu.MenuBuilder,androidx.appcompat.view.menu.MenuItemImpl) -> c
    void setCallback(androidx.appcompat.view.menu.MenuPresenter$Callback) -> d
    androidx.appcompat.view.menu.MenuView getMenuView(android.view.ViewGroup) -> e
    boolean onSubMenuSelected(androidx.appcompat.view.menu.SubMenuBuilder) -> f
    boolean flagActionItems() -> g
    void updateMenuView(boolean) -> h
    void initForMenu(android.content.Context,androidx.appcompat.view.menu.MenuBuilder) -> j
    boolean collapseItemActionView(androidx.appcompat.view.menu.MenuBuilder,androidx.appcompat.view.menu.MenuItemImpl) -> k
androidx.appcompat.view.menu.ListMenuPresenter$MenuAdapter -> androidx.appcompat.view.menu.e$a:
    androidx.appcompat.view.menu.ListMenuPresenter this$0 -> c
    int mExpandedIndex -> b
    void findExpandedIndex() -> a
    androidx.appcompat.view.menu.MenuItemImpl getItem(int) -> b
androidx.appcompat.view.menu.MenuAdapter -> androidx.appcompat.view.menu.f:
    android.view.LayoutInflater mInflater -> f
    androidx.appcompat.view.menu.MenuBuilder mAdapterMenu -> b
    boolean mOverflowOnly -> e
    int mItemLayoutRes -> g
    int mExpandedIndex -> c
    boolean mForceShowIcon -> d
    void findExpandedIndex() -> a
    androidx.appcompat.view.menu.MenuBuilder getAdapterMenu() -> b
    androidx.appcompat.view.menu.MenuItemImpl getItem(int) -> c
    void setForceShowIcon(boolean) -> d