app/build/outputs/mapping/release/usage.txt
com.mollestudio.android.catanai.BR
com.mollestudio.android.catanai.BuildConfig
com.mollestudio.android.catanai.DataBinderMapperImpl$InnerBrLookup
com.mollestudio.android.catanai.DataBinderMapperImpl$InnerLayoutIdLookup
com.mollestudio.android.catanai.DataBinderMapperImpl:
    public java.lang.String convertBrIdToString(int)
    public androidx.databinding.ViewDataBinding getDataBinder(androidx.databinding.DataBindingComponent,android.view.View,int)
    public androidx.databinding.ViewDataBinding getDataBinder(androidx.databinding.DataBindingComponent,android.view.View[],int)
    public int getLayoutId(java.lang.String)
com.mollestudio.android.catanai.DataBindingTriggerClass
com.mollestudio.android.catanai.MainActivity$CheckIfAlreadyOnBoard:
    public final void add(int)
    public final java.util.List getBoardList()
    public final void setBoardList(java.util.List)
com.mollestudio.android.catanai.MainActivity$SettlementList:
    public final java.util.List getSettlementList()
com.mollestudio.android.catanai.MainActivity$StreetList:
    public final java.util.List get()
    public final java.util.List getStreetList()
    public final void remove(android.widget.ImageView)
com.mollestudio.android.catanai.MainActivity:
    private java.lang.String color
    private java.util.HashMap tileSettlementMap
    public final boolean brickCheck(android.view.View)
    private final void disableDragExcept(android.widget.ImageView,android.widget.ImageView)
    public final int getNumberOfBrickCards()
    public final int getNumberOfGrainCards()
    public final int getNumberOfLumberCards()
    public final int getNumberOfOreCards()
    public final int getNumberOfSheepCards()
    public final java.util.HashMap getPulsatingSettlementMap()
    public final boolean grainCheck(android.view.View)
    public final boolean lumberCheck(android.view.View)
    private static final void onCreate$lambda-3$test1(kotlin.jvm.internal.Ref$IntRef,com.mollestudio.android.catanai.MainActivity,kotlin.jvm.internal.Ref$BooleanRef)
    public final boolean oreCheck(android.view.View)
    public final boolean sheepCheck(android.view.View)
com.mollestudio.android.catanai.R$anim
com.mollestudio.android.catanai.R$attr
com.mollestudio.android.catanai.R$bool
com.mollestudio.android.catanai.R$color
com.mollestudio.android.catanai.R$dimen
com.mollestudio.android.catanai.R$drawable
com.mollestudio.android.catanai.R$id
com.mollestudio.android.catanai.R$integer
com.mollestudio.android.catanai.R$interpolator
com.mollestudio.android.catanai.R$layout
com.mollestudio.android.catanai.R$mipmap
com.mollestudio.android.catanai.R$string
com.mollestudio.android.catanai.R$style
com.mollestudio.android.catanai.R$styleable
com.mollestudio.android.catanai.R
com.mollestudio.android.catanai.databinding.ActivityMainBinding:
    public synthetic bridge android.view.View getRoot()
com.mollestudio.android.catanai.databinding.PortSelectorBinding
com.mollestudio.android.catanai.solver.MainSolver
com.mollestudio.android.catanai.solver.Mapping
com.mollestudio.android.catanai.solver.Parser
...
org.junit.runner.JUnitCore
org.junit.runner.Request$1
org.junit.runner.Request
org.junit.runner.Result$1
org.junit.runner.Result$Listener
org.junit.runner.Result$SerializedForm
org.junit.runner.Result
org.junit.runner.RunWith
org.junit.runner.Runner
org.junit.runner.manipulation.Filter$1
org.junit.runner.manipulation.Filter$2
org.junit.runner.manipulation.Filter$3
org.junit.runner.manipulation.Filter
org.junit.runner.manipulation.Filterable
org.junit.runner.manipulation.NoTestsRemainException
org.junit.runner.manipulation.Sortable
org.junit.runner.manipulation.Sorter$1
org.junit.runner.manipulation.Sorter
org.junit.runner.notification.Failure
org.junit.runner.notification.RunListener$ThreadSafe
org.junit.runner.notification.RunListener
org.junit.runner.notification.RunNotifier$1
org.junit.runner.notification.RunNotifier$2
org.junit.runner.notification.RunNotifier$3
org.junit.runner.notification.RunNotifier$4
org.junit.runner.notification.RunNotifier$5
org.junit.runner.notification.RunNotifier$6
org.junit.runner.notification.RunNotifier$7
org.junit.runner.notification.RunNotifier$SafeNotifier
org.junit.runner.notification.RunNotifier
org.junit.runner.notification.StoppedByUserException
org.junit.runner.notification.SynchronizedRunListener
org.junit.runners.AllTests
org.junit.runners.BlockJUnit4ClassRunner$1
org.junit.runners.BlockJUnit4ClassRunner
org.junit.runners.JUnit4
org.junit.runners.MethodSorters
org.junit.runners.Parameterized$Parameter
org.junit.runners.Parameterized$Parameters
org.junit.runners.Parameterized$UseParametersRunnerFactory
org.junit.runners.Parameterized
org.junit.runners.ParentRunner$1
org.junit.runners.ParentRunner$2
org.junit.runners.ParentRunner$3
org.junit.runners.ParentRunner$4
org.junit.runners.ParentRunner
org.junit.runners.Suite$SuiteClasses
org.junit.runners.Suite
org.junit.runners.model.Annotatable
org.junit.runners.model.FrameworkField
org.junit.runners.model.FrameworkMember
org.junit.runners.model.FrameworkMethod$1
org.junit.runners.model.FrameworkMethod
org.junit.runners.model.InitializationError
org.junit.runners.model.MultipleFailureException
org.junit.runners.model.NoGenericTypeParametersValidator
org.junit.runners.model.RunnerBuilder
org.junit.runners.model.RunnerScheduler
org.junit.runners.model.Statement
org.junit.runners.model.TestClass$1
org.junit.runners.model.TestClass$FieldComparator
org.junit.runners.model.TestClass$MethodComparator
org.junit.runners.model.TestClass
org.junit.runners.model.TestTimedOutException
org.junit.runners.parameterized.BlockJUnit4ClassRunnerWithParameters
org.junit.runners.parameterized.BlockJUnit4ClassRunnerWithParametersFactory
org.junit.runners.parameterized.ParametersRunnerFactory
org.junit.runners.parameterized.TestWithParameters
org.junit.validator.AnnotationValidator
org.junit.validator.AnnotationValidatorFactory
org.junit.validator.AnnotationsValidator$1
org.junit.validator.AnnotationsValidator$AnnotatableValidator
org.junit.validator.AnnotationsValidator$ClassValidator
org.junit.validator.AnnotationsValidator$FieldValidator
org.junit.validator.AnnotationsValidator$MethodValidator
org.junit.validator.AnnotationsValidator
org.junit.validator.PublicClassValidator
org.junit.validator.TestClassValidator
org.junit.validator.ValidateWith
androidx.appcompat.app.ToolbarActionBar
androidx.constraintlayout.solver.LinearSystem:
    public static boolean USE_SYNONYMS